<?xml version="1.0" encoding="UTF-8"?>
<!-- Generated by org.testng.reporters.JUnitReportReporter -->
<testsuite hostname="Jenifer_041" failures="0" tests="4" name="Testng.NewTest" time="62.439" errors="0" timestamp="2022-07-14T00:45:32 IST" skipped="0">
  <testcase classname="Testng.NewTest" name="service" time="15.382"/>
  <system-out/>
  <testcase classname="Testng.NewTest" name="Home" time="16.942"/>
  <system-out/>
  <testcase classname="Testng.NewTest" name="about_us" time="13.893"/>
  <system-out/>
  <testcase classname="Testng.NewTest" name="blog" time="16.222"/>
  <system-out/>
</testsuite> <!-- Testng.NewTest -->
