<?xml version="1.0" encoding="UTF-8"?>
<!-- Generated by org.testng.reporters.JUnitReportReporter -->
<testsuite hostname="Jenifer_041" failures="0" tests="1" name="Testng.annotaions" time="0.006" errors="0" timestamp="2022-07-14T00:04:50 IST" skipped="0">
  <testcase classname="Testng.annotaions" name="f" time="0.006"/>
  <system-out/>
</testsuite> <!-- Testng.annotaions -->
