<?xml version="1.0" encoding="UTF-8"?>
<!-- Generated by org.testng.reporters.JUnitReportReporter -->
<testsuite hostname="Jenifer_041" failures="0" tests="6" name="Testng.groups" time="0.011" errors="0" timestamp="2022-07-15T09:04:59 IST" skipped="0">
  <testcase classname="Testng.groups" name="apple2" time="0.001"/>
  <system-out/>
  <testcase classname="Testng.groups" name="mi3" time="0.001"/>
  <system-out/>
  <testcase classname="Testng.groups" name="mi2" time="0.001"/>
  <system-out/>
  <testcase classname="Testng.groups" name="apple1" time="0.007"/>
  <system-out/>
  <testcase classname="Testng.groups" name="apple3" time="0.001"/>
  <system-out/>
  <testcase classname="Testng.groups" name="mi1" time="0.000"/>
  <system-out/>
</testsuite> <!-- Testng.groups -->
