<?xml version="1.0" encoding="UTF-8"?>
<!-- Generated by org.testng.reporters.JUnitReportReporter -->
<testsuite hostname="Jenifer_041" failures="0" tests="4" name="Testng.Priority" time="66.821" errors="0" timestamp="2022-07-14T00:51:10 IST" skipped="0">
  <testcase classname="Testng.Priority" name="Home" time="25.258"/>
  <system-out/>
  <testcase classname="Testng.Priority" name="about_us" time="10.889"/>
  <system-out/>
  <testcase classname="Testng.Priority" name="blog" time="17.098"/>
  <system-out/>
  <testcase classname="Testng.Priority" name="service" time="13.576"/>
  <system-out/>
</testsuite> <!-- Testng.Priority -->
