<?xml version="1.0" encoding="UTF-8"?>
<!-- Generated by org.testng.reporters.JUnitReportReporter -->
<testsuite hostname="Jenifer_041" failures="0" tests="4" name="Testng.skipcase" time="40.015" errors="0" timestamp="2022-07-14T00:53:47 IST" skipped="2">
  <testcase classname="Testng.skipcase" name="Home" time="16.534"/>
  <system-out/>
  <testcase classname="Testng.skipcase" name="service" time="23.481"/>
  <system-out/>
  <testcase classname="Testng.skipcase" name="about_us">
    <skipped/>
  </testcase> <!-- about_us -->
  <system-out/>
  <testcase classname="Testng.skipcase" name="blog">
    <skipped/>
  </testcase> <!-- blog -->
  <system-out/>
</testsuite> <!-- Testng.skipcase -->
